<?xml version="1.0" encoding="UTF-8"?>
<!-- Generated by org.testng.reporters.JUnitXMLReporter -->
<testsuite ignored="1" hostname="DESKTOP-RH3USD0" failures="1" tests="9" name="Car loan" time="0.311" errors="0" timestamp="2024-03-03T09:56:22 IST">
  <testcase classname="test.day3" name="LoginAPICarLoan" time="0.02"/>
  <testcase classname="test.day3" name="MobilesigninCarLoan" time="0.014"/>
  <testcase classname="test.day3" name="Mobilesignout1CarLoan" time="0.006"/>
  <testcase classname="test.day3" name="MobilesignoutCarLoan" time="0.03"/>
  <testcase classname="test.day3" name="MobilesignoutCarLoanjihjh" time="0.032"/>
  <testcase classname="test.day3" name="MobilesignoutCarLoanjihjh" time="0.009"/>
  <testcase classname="test.day3" name="MobilesignoutCarLoanjihjh" time="0.003"/>
  <testcase classname="test.day3" name="WebloginCarLoan" time="0.004"/>
  <testcase classname="test.day3" name="WebloginCarLoannew" time="0.0">
    <failure type="org.testng.TestNGException" message="
Parameter &amp;apos;URL1&amp;apos; is required by @Test on method WebloginCarLoannew but has not been marked @Optional or defined
in C:\Users\HP\Desktop\New folder\Selproj\testng.xml">
      <![CDATA[org.testng.TestNGException: 
Parameter 'URL1' is required by @Test on method WebloginCarLoannew but has not been marked @Optional or defined
in C:\Users\HP\Desktop\New folder\Selproj\testng.xml
at java.base/java.util.ArrayList.forEach(ArrayList.java:1511)
at java.base/java.util.concurrent.FutureTask.run(FutureTask.java:264)
at java.base/java.util.concurrent.ThreadPoolExecutor.runWorker(ThreadPoolExecutor.java:1136)
at java.base/java.util.concurrent.ThreadPoolExecutor$Worker.run(ThreadPoolExecutor.java:635)
at java.base/java.lang.Thread.run(Thread.java:840)
... Removed 17 stack frames]]>
    </failure>
  </testcase> <!-- WebloginCarLoannew -->
  <testcase classname="test.day3" name="MobileloginCarLoan" time="0.0">
    <ignored/>
  </testcase> <!-- MobileloginCarLoan -->
</testsuite> <!-- Car loan -->
