<?xml version="1.0" encoding="UTF-8"?>
<!-- Generated by org.testng.reporters.JUnitXMLReporter -->
<testsuite ignored="0" hostname="DESKTOP-RH3USD0" failures="3" tests="9" name="Personal Loan" time="0.285" errors="0" timestamp="2024-03-03T09:56:22 IST">
  <testcase classname="test.day2" name="Demo" time="0.01"/>
  <testcase classname="test.day1" name="Demoad" time="0.024"/>
  <testcase classname="test.day1" name="Demohh" time="0.023">
    <failure type="java.lang.AssertionError" message="expected [true] but found [false]">
      <![CDATA[java.lang.AssertionError: expected [true] but found [false]
at test.day1.Demohh(day1.java:35)
at java.base/java.util.concurrent.ThreadPoolExecutor.runWorker(ThreadPoolExecutor.java:1136)
at java.base/java.util.concurrent.ThreadPoolExecutor$Worker.run(ThreadPoolExecutor.java:635)
at java.base/java.lang.Thread.run(Thread.java:840)
... Removed 16 stack frames]]>
    </failure>
  </testcase> <!-- Demohh -->
  <testcase classname="test.day2" name="jkl" time="0.0">
    <failure type="org.testng.TestNGException" message="
Cannot inject @Test annotated Method [jkl] with [class java.lang.String, class java.lang.String].
For more information on native dependency injection please refer to https://testng.org/doc/documentation-main.html#native-dependency-injection">
      <![CDATA[org.testng.TestNGException: 
Cannot inject @Test annotated Method [jkl] with [class java.lang.String, class java.lang.String].
For more information on native dependency injection please refer to https://testng.org/doc/documentation-main.html#native-dependency-injection
at java.base/java.util.concurrent.ThreadPoolExecutor.runWorker(ThreadPoolExecutor.java:1136)
at java.base/java.util.concurrent.ThreadPoolExecutor$Worker.run(ThreadPoolExecutor.java:635)
at java.base/java.lang.Thread.run(Thread.java:840)
... Removed 11 stack frames]]>
    </failure>
  </testcase> <!-- jkl -->
  <testcase classname="test.day1" name="Demosf" time="0.0">
    <failure type="org.testng.TestNGException" message="
Parameter &amp;apos;APIKey/usrname&amp;apos; is required by @Test on method Demosf but has not been marked @Optional or defined
in C:\Users\HP\Desktop\New folder\Selproj\testng.xml">
      <![CDATA[org.testng.TestNGException: 
Parameter 'APIKey/usrname' is required by @Test on method Demosf but has not been marked @Optional or defined
in C:\Users\HP\Desktop\New folder\Selproj\testng.xml
at java.base/java.util.concurrent.ThreadPoolExecutor.runWorker(ThreadPoolExecutor.java:1136)
at java.base/java.util.concurrent.ThreadPoolExecutor$Worker.run(ThreadPoolExecutor.java:635)
at java.base/java.lang.Thread.run(Thread.java:840)
... Removed 11 stack frames]]>
    </failure>
  </testcase> <!-- Demosf -->
  <testcase classname="test.day4" name="LoginAPIhomeLoan" time="0.01"/>
  <testcase classname="test.day4" name="MobileloginhomeLoan" time="0.002"/>
  <testcase classname="test.day4" name="WebloginhomeLoan" time="0.004"/>
  <testcase classname="test.day1" name="Demosffs" time="0.003"/>
</testsuite> <!-- Personal Loan -->
